<?xml version="1.0" encoding="UTF-8"?>
<!-- Generated by org.testng.reporters.JUnitReportReporter -->
<testsuite skipped="2" hostname="EPINHYDW0502" name="org.epam.tests.FlightBookingTest" tests="2" failures="0" timestamp="27 Jun 2017 13:01:11 GMT" time="0.000" errors="0">
  <testcase name="flightBookingTest" time="0.000" classname="org.epam.tests.FlightBookingTest">
    <skipped/>
  </testcase> <!-- flightBookingTest -->
  <testcase name="validateFlightSearchTest" time="0.000" classname="org.epam.tests.FlightBookingTest">
    <skipped/>
  </testcase> <!-- validateFlightSearchTest -->
</testsuite> <!-- org.epam.tests.FlightBookingTest -->
